<?xml version="1.0" encoding="UTF-8"?>
<testng-results ignored="0" total="1" passed="1" failed="0" skipped="0">
  <reporter-output>
  </reporter-output>
  <suite started-at="2022-09-09T23:53:13 PDT" name="Default suite" finished-at="2022-09-09T23:53:33 PDT" duration-ms="19398">
    <groups>
    </groups>
    <test started-at="2022-09-09T23:53:13 PDT" name="Default test" finished-at="2022-09-09T23:53:33 PDT" duration-ms="19398">
      <class name="com.selenium.NestedFrameHandle">
        <test-method signature="nestedframehandle()[pri:0, instance:com.selenium.NestedFrameHandle@4a7f959b]" started-at="2022-09-09T23:53:13 PDT" name="nestedframehandle" finished-at="2022-09-09T23:53:33 PDT" duration-ms="19355" status="PASS">
          <reporter-output>
          </reporter-output>
        </test-method> <!-- nestedframehandle -->
      </class> <!-- com.selenium.NestedFrameHandle -->
    </test> <!-- Default test -->
  </suite> <!-- Default suite -->
</testng-results>
